<!DOCTYPE suite SYSTEM "http://testng.org/testng-1.0.dtd">
<suite name="Parallel Test" parallel="methods" thread-count="2">
	<test name="Test1">
		<classes>
			<class name="regressionsuite.TestParallel1" />
		</classes>
	</test>
	<test name="Test2">
		<classes>
			<class name="regressionsuite.TestParallel2" />
		</classes>
	</test>
</suite>
