<!DOCTYPE suite SYSTEM "http://testng.org/testng-1.0.dtd">
<suite name="Reporter Test">
	<test name="Application Test1">
		<classes>
			<class name="testclasses.ReporterAndLogs" />
		</classes>
	</test>
</suite>