<?xml version="1.0" encoding="UTF-8"?>
<!-- Generated by org.testng.reporters.JUnitReportReporter -->
<testsuite skipped="0" hostname="MEHAVARNAN" name="extentreportstest.Test2" tests="1" failures="0" timestamp="01 May 2018 16:26:24 GMT" time="0.003" errors="0">
  <testcase name="test" time="0.003" classname="extentreportstest.Test2"/>
</testsuite> <!-- extentreportstest.Test2 -->
