<?xml version="1.0" encoding="UTF-8"?>
<!-- Generated by org.testng.reporters.JUnitReportReporter -->
<testsuite skipped="0" hostname="MEHAVARNAN" name="regressionsuite.TestClass1" tests="2" failures="0" timestamp="28 Jun 2018 17:11:40 GMT" time="0.008" errors="0">
  <testcase name="test1" time="0.008" classname="regressionsuite.TestClass1"/>
  <testcase name="test2" time="0.000" classname="regressionsuite.TestClass1"/>
</testsuite> <!-- regressionsuite.TestClass1 -->
