<?xml version="1.0" encoding="UTF-8"?>
<!-- Generated by org.testng.reporters.JUnitReportReporter -->
<testsuite skipped="1" hostname="MEHAVARNAN" name="regressionsuite.DisableAndTimeoutTest" tests="3" failures="0" timestamp="28 Apr 2018 19:19:12 GMT" time="0.224" errors="0">
  <testcase name="test3" time="0.216" classname="regressionsuite.DisableAndTimeoutTest"/>
  <testcase name="test1" time="0.008" classname="regressionsuite.DisableAndTimeoutTest"/>
  <testcase name="test2" classname="regressionsuite.DisableAndTimeoutTest">
    <skipped/>
  </testcase> <!-- test2 -->
</testsuite> <!-- regressionsuite.DisableAndTimeoutTest -->
