<?xml version="1.0" encoding="UTF-8"?>
<!-- Generated by org.testng.reporters.JUnitReportReporter -->
<testsuite skipped="0" hostname="MEHAVARNAN" name="regressionsuite.TestParallel1" tests="2" failures="0" timestamp="29 Apr 2018 10:20:04 GMT" time="12.044" errors="0">
  <testcase name="test1" time="6.022" classname="regressionsuite.TestParallel1"/>
  <testcase name="test2" time="6.022" classname="regressionsuite.TestParallel1"/>
</testsuite> <!-- regressionsuite.TestParallel1 -->
