<?xml version="1.0" encoding="UTF-8"?>
<!-- Generated by org.testng.reporters.JUnitReportReporter -->
<testsuite skipped="0" hostname="MEHAVARNAN" name="testclasses.DataProvidersTest2" tests="3" failures="0" timestamp="30 Apr 2018 06:05:15 GMT" time="19.932" errors="0">
  <testcase name="test" time="9.431" classname="testclasses.DataProvidersTest2"/>
  <testcase name="test" time="5.271" classname="testclasses.DataProvidersTest2"/>
  <testcase name="test" time="5.230" classname="testclasses.DataProvidersTest2"/>
</testsuite> <!-- testclasses.DataProvidersTest2 -->
