<?xml version="1.0" encoding="UTF-8"?>
<!-- Generated by org.testng.reporters.JUnitReportReporter -->
<testsuite skipped="0" hostname="MEHAVARNAN" name="testclasses.TestParameters" tests="1" failures="0" timestamp="25 Jun 2018 09:35:43 GMT" time="0.004" errors="0">
  <testcase name="test" time="0.004" classname="testclasses.TestParameters"/>
</testsuite> <!-- testclasses.TestParameters -->
