<?xml version="1.0" encoding="UTF-8"?>
<!-- Generated by org.testng.reporters.JUnitReportReporter -->
<testsuite skipped="0" hostname="MEHAVARNAN" name="testclasses.TestParameters" tests="1" failures="0" timestamp="29 Apr 2018 10:03:54 GMT" time="0.008" errors="0">
  <testcase name="test" time="0.008" classname="testclasses.TestParameters"/>
</testsuite> <!-- testclasses.TestParameters -->
