<?xml version="1.0" encoding="UTF-8"?>
<!-- Generated by org.testng.reporters.JUnitReportReporter -->
<testsuite skipped="0" hostname="MEHAVARNAN" name="testclasses.PriorityTest" tests="3" failures="0" timestamp="28 Apr 2018 17:00:58 GMT" time="0.028" errors="0">
  <testcase name="test3" time="0.022" classname="testclasses.PriorityTest"/>
  <testcase name="test2" time="0.003" classname="testclasses.PriorityTest"/>
  <testcase name="test1" time="0.003" classname="testclasses.PriorityTest"/>
</testsuite> <!-- testclasses.PriorityTest -->
