<?xml version="1.0" encoding="UTF-8"?>
<!-- Generated by org.testng.reporters.JUnitReportReporter -->
<testsuite skipped="0" hostname="MEHAVARNAN" name="extentreportstest.LoginLetskodeit2" tests="1" failures="0" timestamp="02 May 2018 11:16:01 GMT" time="57.066" errors="0">
  <testcase name="loginTest" time="57.066" classname="extentreportstest.LoginLetskodeit2"/>
</testsuite> <!-- extentreportstest.LoginLetskodeit2 -->
