<?xml version="1.0" encoding="UTF-8"?>
<!-- Generated by org.testng.reporters.JUnitReportReporter -->
<testsuite skipped="0" hostname="MEHAVARNAN" name="testclasses.DataProvidersTest" tests="3" failures="0" timestamp="26 Jun 2018 08:31:08 GMT" time="20.818" errors="0">
  <testcase name="test" time="4.361" classname="testclasses.DataProvidersTest"/>
  <testcase name="test" time="11.867" classname="testclasses.DataProvidersTest"/>
  <testcase name="test" time="4.590" classname="testclasses.DataProvidersTest"/>
</testsuite> <!-- testclasses.DataProvidersTest -->
