<?xml version="1.0" encoding="UTF-8"?>
<!-- Generated by org.testng.reporters.JUnitReportReporter -->
<testsuite skipped="0" hostname="MEHAVARNAN" name="testclasses.ListenersTest1" tests="2" failures="0" timestamp="10 May 2018 16:36:09 GMT" time="0.007" errors="0">
  <testcase name="test2" time="0.002" classname="testclasses.ListenersTest1"/>
  <testcase name="test1" time="0.005" classname="testclasses.ListenersTest1"/>
</testsuite> <!-- testclasses.ListenersTest1 -->
