<?xml version="1.0" encoding="UTF-8"?>
<!-- Generated by org.testng.reporters.JUnitReportReporter -->
<testsuite skipped="0" hostname="MEHAVARNAN" name="testclasses.WindowsAuthentication" tests="1" failures="0" timestamp="10 May 2018 11:38:46 GMT" time="0.424" errors="0">
  <testcase name="handleAuthentication" time="0.424" classname="testclasses.WindowsAuthentication"/>
</testsuite> <!-- testclasses.WindowsAuthentication -->
