<?xml version="1.0" encoding="UTF-8"?>
<!-- Generated by org.testng.reporters.JUnitReportReporter -->
<testsuite skipped="0" hostname="MEHAVARNAN" name="testclasses.DataProvidersTest" tests="3" failures="0" timestamp="30 Apr 2018 05:30:47 GMT" time="41.341" errors="0">
  <testcase name="test" time="5.763" classname="testclasses.DataProvidersTest"/>
  <testcase name="test" time="30.413" classname="testclasses.DataProvidersTest"/>
  <testcase name="test" time="5.165" classname="testclasses.DataProvidersTest"/>
</testsuite> <!-- testclasses.DataProvidersTest -->
