<?xml version="1.0" encoding="UTF-8"?>
<!-- Generated by org.testng.reporters.JUnitReportReporter -->
<testsuite skipped="0" hostname="MEHAVARNAN" name="regressionsuite.PreserveTest2" tests="2" failures="0" timestamp="26 Jun 2018 16:37:31 GMT" time="0.000" errors="0">
  <testcase name="test2" time="0.000" classname="regressionsuite.PreserveTest2"/>
  <testcase name="test1" time="0.000" classname="regressionsuite.PreserveTest2"/>
</testsuite> <!-- regressionsuite.PreserveTest2 -->
