<?xml version="1.0" encoding="UTF-8"?>
<!-- Generated by org.testng.reporters.JUnitReportReporter -->
<testsuite skipped="0" hostname="MEHAVARNAN" name="regressionsuite.PreserveTest1" tests="2" failures="0" timestamp="26 Jun 2018 16:37:31 GMT" time="0.016" errors="0">
  <testcase name="test1" time="0.012" classname="regressionsuite.PreserveTest1"/>
  <testcase name="test2" time="0.004" classname="regressionsuite.PreserveTest1"/>
</testsuite> <!-- regressionsuite.PreserveTest1 -->
