<?xml version="1.0" encoding="UTF-8"?>
<!-- Generated by org.testng.reporters.JUnitReportReporter -->
<testsuite skipped="0" hostname="MEHAVARNAN" name="regressionsuite.TestClass2" tests="2" failures="0" timestamp="28 Apr 2018 17:39:28 GMT" time="0.009" errors="0">
  <testcase name="test1" time="0.004" classname="regressionsuite.TestClass2"/>
  <testcase name="test2" time="0.005" classname="regressionsuite.TestClass2"/>
</testsuite> <!-- regressionsuite.TestClass2 -->
