<?xml version="1.0" encoding="UTF-8"?>
<!-- Generated by org.testng.reporters.JUnitReportReporter -->
<testsuite skipped="0" hostname="MEHAVARNAN" name="regressionsuite.PreserveTest1" tests="2" failures="0" timestamp="28 Apr 2018 19:34:19 GMT" time="0.013" errors="0">
  <testcase name="test2" time="0.002" classname="regressionsuite.PreserveTest1"/>
  <testcase name="test1" time="0.011" classname="regressionsuite.PreserveTest1"/>
</testsuite> <!-- regressionsuite.PreserveTest1 -->
