<?xml version="1.0" encoding="UTF-8"?>
<!-- Generated by org.testng.reporters.JUnitReportReporter -->
<testsuite skipped="0" hostname="MEHAVARNAN" name="regressionsuite.TestParallel2" tests="2" failures="0" timestamp="29 Apr 2018 10:20:04 GMT" time="12.007" errors="0">
  <testcase name="test1" time="6.002" classname="regressionsuite.TestParallel2"/>
  <testcase name="test2" time="6.005" classname="regressionsuite.TestParallel2"/>
</testsuite> <!-- regressionsuite.TestParallel2 -->
