<?xml version="1.0" encoding="UTF-8"?>
<!-- Generated by org.testng.reporters.JUnitReportReporter -->
<testsuite skipped="0" hostname="MEHAVARNAN" name="regressionsuite.GroupingTest" tests="2" failures="0" timestamp="26 Jun 2018 16:24:18 GMT" time="0.012" errors="0">
  <testcase name="test_BMW" time="0.004" classname="regressionsuite.GroupingTest"/>
  <testcase name="test_Audi" time="0.008" classname="regressionsuite.GroupingTest"/>
</testsuite> <!-- regressionsuite.GroupingTest -->
