<?xml version="1.0" encoding="UTF-8"?>
<!-- Generated by org.testng.reporters.JUnitReportReporter -->
<testsuite skipped="0" hostname="MEHAVARNAN" name="exercises.LoginTest" tests="2" failures="0" timestamp="30 Apr 2018 14:13:21 GMT" time="64.350" errors="0">
  <testcase name="loginTest" time="37.383" classname="exercises.LoginTest"/>
  <testcase name="loginTest" time="26.967" classname="exercises.LoginTest"/>
</testsuite> <!-- exercises.LoginTest -->
