<?xml version="1.0" encoding="UTF-8"?>
<!-- Generated by org.testng.reporters.JUnitReportReporter -->
<testsuite skipped="0" hostname="MEHAVARNAN" name="regressionsuite.TestClass1" tests="2" failures="0" timestamp="11 May 2018 05:35:01 GMT" time="0.036" errors="0">
  <testcase name="test1" time="0.012" classname="regressionsuite.TestClass1"/>
  <testcase name="test2" time="0.024" classname="regressionsuite.TestClass1"/>
</testsuite> <!-- regressionsuite.TestClass1 -->
