<?xml version="1.0" encoding="UTF-8"?>
<!-- Generated by org.testng.reporters.JUnitReportReporter -->
<testsuite skipped="0" hostname="MEHAVARNAN" name="testclasses.LoginLetskodeit" tests="1" failures="0" timestamp="01 May 2018 11:50:58 GMT" time="66.111" errors="0">
  <testcase name="loginTest" time="66.111" classname="testclasses.LoginLetskodeit"/>
</testsuite> <!-- testclasses.LoginLetskodeit -->
