<?xml version="1.0" encoding="UTF-8"?>
<!-- Generated by org.testng.reporters.JUnitReportReporter -->
<testsuite skipped="0" hostname="MEHAVARNAN" name="ddt.LoginMultipleTests" tests="3" failures="0" timestamp="04 May 2018 17:30:08 GMT" time="61.457" errors="0">
  <testcase name="loginTest" time="51.470" classname="ddt.LoginMultipleTests"/>
  <testcase name="loginTest" time="4.892" classname="ddt.LoginMultipleTests"/>
  <testcase name="loginTest" time="5.095" classname="ddt.LoginMultipleTests"/>
</testsuite> <!-- ddt.LoginMultipleTests -->
